app/build/intermediates/manifest_merge_blame_file/debug/manifest-merger-blame-debug-report.txt
1<?xml version="1.0" encoding="utf-8"?>
2<manifest xmlns:android="http://schemas.android.com/apk/res/android"
3    package="com.pad1.padrumahbelajar"
4    android:versionCode="1"
5    android:versionName="1.1.1" >
6
7    <uses-sdk
8        android:minSdkVersion="21"
8-->src\main\AndroidManifest.xml
9        android:targetSdkVersion="32" />
9-->src\main\AndroidManifest.xml
10
11    <uses-permission android:name="android.permission.INTERNET" />
11-->src\main\AndroidManifest.xml:6:5-67
11-->src\main\AndroidManifest.xml:6:22-64
12    <uses-permission android:name="android.permission.ACCESS_NETWORK_STATE" />
12-->src\main\AndroidManifest.xml:7:5-79
12-->src\main\AndroidManifest.xml:7:22-76
13
14    <application
14-->src\main\AndroidManifest.xml:9:5-70:19
15        android:allowBackup="true"
15-->src\main\AndroidManifest.xml:10:9-35
16        android:appComponentFactory="androidx.core.app.CoreComponentFactory"
16-->[androidx.core:core:1.8.0] AndroidManifest.xml:24:18-86
17        android:dataExtractionRules="@xml/data_extraction_rules"
17-->src\main\AndroidManifest.xml:11:9-65
18        android:debuggable="true"
19        android:fullBackupContent="@xml/backup_rules"
19-->src\main\AndroidManifest.xml:12:9-54
20        android:icon="@mipmap/ic_launcher"
20-->src\main\AndroidManifest.xml:13:9-43
21        android:label="@string/app_name"
21-->src\main\AndroidManifest.xml:14:9-41
22        android:roundIcon="@mipmap/ic_launcher_round"
22-->src\main\AndroidManifest.xml:15:9-54
23        android:supportsRtl="true"
23-->src\main\AndroidManifest.xml:16:9-35
24        android:theme="@style/Theme.PADRumahBelajar" >
24-->src\main\AndroidManifest.xml:17:9-53
25        <activity
25-->src\main\AndroidManifest.xml:19:9-21:40
26            android:name="com.pad1.padrumahbelajar.login.LoginActivity"
26-->src\main\AndroidManifest.xml:20:13-48
27            android:exported="false" />
27-->src\main\AndroidManifest.xml:21:13-37
28        <activity
28-->src\main\AndroidManifest.xml:22:9-24:40
29            android:name="com.pad1.padrumahbelajar.quiz.LabelQuizActivity"
29-->src\main\AndroidManifest.xml:23:13-51
30            android:exported="false" />
30-->src\main\AndroidManifest.xml:24:13-37
31        <activity
31-->src\main\AndroidManifest.xml:25:9-27:40
32            android:name="com.pad1.padrumahbelajar.quiz.DetailQuizActivity"
32-->src\main\AndroidManifest.xml:26:13-52
33            android:exported="false" />
33-->src\main\AndroidManifest.xml:27:13-37
34        <activity
34-->src\main\AndroidManifest.xml:28:9-30:40
35            android:name="com.pad1.padrumahbelajar.quiz.AddQuestionActivity"
35-->src\main\AndroidManifest.xml:29:13-53
36            android:exported="false" />
36-->src\main\AndroidManifest.xml:30:13-37
37        <activity
37-->src\main\AndroidManifest.xml:31:9-33:40
38            android:name="com.pad1.padrumahbelajar.quiz.AddLabelQuiz"
38-->src\main\AndroidManifest.xml:32:13-46
39            android:exported="false" />
39-->src\main\AndroidManifest.xml:33:13-37
40        <activity
40-->src\main\AndroidManifest.xml:34:9-36:40
41            android:name="com.pad1.padrumahbelajar.quiz.QuizActivity"
41-->src\main\AndroidManifest.xml:35:13-46
42            android:exported="false" />
42-->src\main\AndroidManifest.xml:36:13-37
43        <activity
43-->src\main\AndroidManifest.xml:37:9-42:72
44            android:name="com.pad1.padrumahbelajar.tutorial.TutorialActivity3"
44-->src\main\AndroidManifest.xml:38:13-55
45            android:exported="false"
45-->src\main\AndroidManifest.xml:39:13-37
46            android:label="@string/title_activity_tutorial3"
46-->src\main\AndroidManifest.xml:40:13-61
47            android:parentActivityName="com.pad1.padrumahbelajar.login.LoginActivity"
47-->src\main\AndroidManifest.xml:41:13-62
48            android:theme="@style/Theme.PADRumahBelajar.NoActionBar" />
48-->src\main\AndroidManifest.xml:42:13-69
49        <activity
49-->src\main\AndroidManifest.xml:43:9-45:40
50            android:name="com.pad1.padrumahbelajar.tutorial.TutorialActivity2"
50-->src\main\AndroidManifest.xml:44:13-55
51            android:exported="false" />
51-->src\main\AndroidManifest.xml:45:13-37
52        <activity
52-->src\main\AndroidManifest.xml:46:9-48:40
53            android:name="com.pad1.padrumahbelajar.tutorial.TutorialActivity"
53-->src\main\AndroidManifest.xml:47:13-54
54            android:exported="false" />
54-->src\main\AndroidManifest.xml:48:13-37
55        <activity
55-->src\main\AndroidManifest.xml:50:9-52:40
56            android:name="com.pad1.padrumahbelajar.login.SignUpActivity"
56-->src\main\AndroidManifest.xml:51:13-49
57            android:exported="false" />
57-->src\main\AndroidManifest.xml:52:13-37
58        <activity
58-->src\main\AndroidManifest.xml:53:9-56:65
59            android:name="com.pad1.padrumahbelajar.fragment.MainActivity"
59-->src\main\AndroidManifest.xml:54:13-50
60            android:exported="false"
60-->src\main\AndroidManifest.xml:55:13-37
61            android:parentActivityName="com.pad1.padrumahbelajar.login.LoginActivity" />
61-->src\main\AndroidManifest.xml:56:13-62
62        <activity
62-->src\main\AndroidManifest.xml:57:9-65:20
63            android:name="com.pad1.padrumahbelajar.login.SplashScreen"
63-->src\main\AndroidManifest.xml:58:13-47
64            android:exported="true" >
64-->src\main\AndroidManifest.xml:59:13-36
65            <intent-filter>
65-->src\main\AndroidManifest.xml:60:13-64:29
66                <action android:name="android.intent.action.MAIN" />
66-->src\main\AndroidManifest.xml:61:17-69
66-->src\main\AndroidManifest.xml:61:25-66
67
68                <category android:name="android.intent.category.LAUNCHER" />
68-->src\main\AndroidManifest.xml:63:17-77
68-->src\main\AndroidManifest.xml:63:27-74
69            </intent-filter>
70        </activity>
71
72        <meta-data
72-->src\main\AndroidManifest.xml:67:9-69:57
73            android:name="preloaded_fonts"
73-->src\main\AndroidManifest.xml:68:13-43
74            android:resource="@array/preloaded_fonts" />
74-->src\main\AndroidManifest.xml:69:13-54
75
76        <provider
76-->[androidx.emoji2:emoji2:1.2.0] AndroidManifest.xml:24:9-32:20
77            android:name="androidx.startup.InitializationProvider"
77-->[androidx.emoji2:emoji2:1.2.0] AndroidManifest.xml:25:13-67
78            android:authorities="com.pad1.padrumahbelajar.androidx-startup"
78-->[androidx.emoji2:emoji2:1.2.0] AndroidManifest.xml:26:13-68
79            android:exported="false" >
79-->[androidx.emoji2:emoji2:1.2.0] AndroidManifest.xml:27:13-37
80            <meta-data
80-->[androidx.emoji2:emoji2:1.2.0] AndroidManifest.xml:29:13-31:52
81                android:name="androidx.emoji2.text.EmojiCompatInitializer"
81-->[androidx.emoji2:emoji2:1.2.0] AndroidManifest.xml:30:17-75
82                android:value="androidx.startup" />
82-->[androidx.emoji2:emoji2:1.2.0] AndroidManifest.xml:31:17-49
83            <meta-data
83-->[androidx.lifecycle:lifecycle-process:2.4.1] AndroidManifest.xml:31:13-33:52
84                android:name="androidx.lifecycle.ProcessLifecycleInitializer"
84-->[androidx.lifecycle:lifecycle-process:2.4.1] AndroidManifest.xml:32:17-78
85                android:value="androidx.startup" />
85-->[androidx.lifecycle:lifecycle-process:2.4.1] AndroidManifest.xml:33:17-49
86        </provider>
87    </application>
88
89</manifest>